2026-03-23 16:06:37,227 INFO 139988629915840 execute_service.py[line:365] the server timezone is UTC+08:00
2026-03-23 16:06:37,229 INFO 139988629915840 step.py[line:83] ###step###{"steps": [{"number": "1", "name": "step1", "zh": "开始执行", "en": "begin"}, {"number": "2", "name": "step2", "zh": "执行中", "en": "running"}, {"number": "3", "name": "step3", "zh": "执行结束", "en": "end"}]}
2026-03-23 16:06:37,229 INFO 139988629915840 step.py[line:104] Run the step step1.
2026-03-23 16:06:37,230 INFO 139988629915840 step.py[line:118] ###step###{"currentStep": {"name": "step1", "number": "1", "status": 1, "detail": {"zh": "", "en": ""}, "filePaths": []}}
2026-03-23 16:06:37,231 INFO 139988629915840 step.py[line:142] Step is: step1, the detail is: success
2026-03-23 16:06:37,231 INFO 139988629915840 step.py[line:153] ###step###{"currentStep": {"name": "step1", "number": "1", "status": "2", "detail": {"zh": "执行成功", "en": "success"}}}
2026-03-23 16:06:37,232 INFO 139988629915840 main.py[line:114] toolversion: V20251110
2026-03-23 16:06:37,233 INFO 139988629915840 main.py[line:124] Input Subtool_1: 300
2026-03-23 16:06:37,233 INFO 139988629915840 main.py[line:124] Input PlannedAreaID: 
2026-03-23 16:06:37,234 INFO 139988629915840 main.py[line:124] Input ParaFile: 20260323_160625_394_3969/300_5G站点小区信息导出工具模板_样例_20230606.xlsx
2026-03-23 16:06:37,234 INFO 139988629915840 main.py[line:124] Input Operation: 0
2026-03-23 16:06:37,235 INFO 139988629915840 main.py[line:124] Input ChooseNE: 0
2026-03-23 16:06:37,235 INFO 139988629915840 main.py[line:151] Operation: 参数核查
2026-03-23 16:06:37,236 INFO 139988629915840 step.py[line:104] Run the step step2.
2026-03-23 16:06:37,236 INFO 139988629915840 step.py[line:118] ###step###{"currentStep": {"name": "step2", "number": "2", "status": 1, "detail": {"zh": "", "en": ""}, "filePaths": []}}
2026-03-23 16:06:37,239 INFO 139988629915840 checkflow.py[line:1335] Read parafile
2026-03-23 16:06:37,576 INFO 139988629915840 checkflow.py[line:1221] Total number of NE to be checked: 2197
2026-03-23 16:06:37,579 INFO 139988629915840 checkflow.py[line:1245] Number of NE satisfy MEIDList.mimVersionList: SDR: 926, ITBBU: 1271
2026-03-23 16:06:39,073 INFO 139988629915840 nrparacheck.py[line:109] Begin to check parameter
2026-03-23 16:06:39,275 INFO 139988629915840 cellinfoexport.py[line:142] Query ITRAN scene: V5.75.10, NE num: 1257
2026-03-23 16:07:03,478 INFO 139988629915840 common.py[line:241] Progress: 76.92%
2026-03-23 16:07:09,944 INFO 139988629915840 common.py[line:241] Progress: 100.00%
2026-03-23 16:07:09,945 INFO 139988629915840 cellinfoexport.py[line:142] Query ITRAN scene: V5.75.20, NE num: 14
2026-03-23 16:07:10,593 INFO 139988629915840 common.py[line:241] Progress: 100.00%
2026-03-23 16:07:13,008 INFO 139988629915840 cellinfoexport.py[line:256] Query SDR FDD scene, NE num: 867
2026-03-23 16:07:13,440 INFO 139988629915840 cellinfoexport.py[line:267] Progress: 23.07%
2026-03-23 16:07:13,863 INFO 139988629915840 cellinfoexport.py[line:267] Progress: 46.14%
2026-03-23 16:07:14,285 INFO 139988629915840 cellinfoexport.py[line:267] Progress: 69.20%
2026-03-23 16:07:14,692 INFO 139988629915840 cellinfoexport.py[line:267] Progress: 92.27%
2026-03-23 16:07:14,926 INFO 139988629915840 cellinfoexport.py[line:267] Progress: 100.00%
2026-03-23 16:07:15,086 INFO 139988629915840 cellinfoexport.py[line:279] Query SDR NB scene, NE num: 249
2026-03-23 16:07:15,532 INFO 139988629915840 common.py[line:241] Progress: 100.00%
2026-03-23 16:07:18,461 INFO 139988629915840 cellinfoexport.py[line:244] Export cell information completely
2026-03-23 16:07:18,469 INFO 139988629915840 checkflow.py[line:1386] Check parameter completely
2026-03-23 16:07:18,469 INFO 139988629915840 common.py[line:302] ************************************************************
2026-03-23 16:07:18,470 INFO 139988629915840 common.py[line:303] *                                                          *
2026-03-23 16:07:18,471 INFO 139988629915840 common.py[line:304] *            execute successfully                          *
2026-03-23 16:07:18,471 INFO 139988629915840 common.py[line:307] *                                                          *
2026-03-23 16:07:18,472 INFO 139988629915840 common.py[line:308] ************************************************************
