2026-02-11 11:01:13,105 INFO 140394752341184 execute_service.py[line:365] the server timezone is UTC+08:00
2026-02-11 11:01:13,106 INFO 140394752341184 step.py[line:83] ###step###{"steps": [{"number": "1", "name": "step1", "zh": "开始执行", "en": "begin"}, {"number": "2", "name": "step2", "zh": "执行中", "en": "running"}, {"number": "3", "name": "step3", "zh": "执行结束", "en": "end"}]}
2026-02-11 11:01:13,106 INFO 140394752341184 step.py[line:104] Run the step step1.
2026-02-11 11:01:13,107 INFO 140394752341184 step.py[line:118] ###step###{"currentStep": {"name": "step1", "number": "1", "status": 1, "detail": {"zh": "", "en": ""}, "filePaths": []}}
2026-02-11 11:01:13,108 INFO 140394752341184 step.py[line:142] Step is: step1, the detail is: success
2026-02-11 11:01:13,108 INFO 140394752341184 step.py[line:153] ###step###{"currentStep": {"name": "step1", "number": "1", "status": "2", "detail": {"zh": "执行成功", "en": "success"}}}
2026-02-11 11:01:13,109 INFO 140394752341184 main.py[line:114] toolversion: V20251110
2026-02-11 11:01:13,109 INFO 140394752341184 main.py[line:124] Input Subtool_1: 300
2026-02-11 11:01:13,110 INFO 140394752341184 main.py[line:124] Input PlannedAreaID: 
2026-02-11 11:01:13,110 INFO 140394752341184 main.py[line:124] Input ParaFile: 20260211_110058_026_6613/300_5G站点小区信息导出工具模板_样例_20230606.xlsx
2026-02-11 11:01:13,111 INFO 140394752341184 main.py[line:124] Input Operation: 0
2026-02-11 11:01:13,111 INFO 140394752341184 main.py[line:124] Input ChooseNE: 0
2026-02-11 11:01:13,112 INFO 140394752341184 main.py[line:151] Operation: 参数核查
2026-02-11 11:01:13,112 INFO 140394752341184 step.py[line:104] Run the step step2.
2026-02-11 11:01:13,113 INFO 140394752341184 step.py[line:118] ###step###{"currentStep": {"name": "step2", "number": "2", "status": 1, "detail": {"zh": "", "en": ""}, "filePaths": []}}
2026-02-11 11:01:13,115 INFO 140394752341184 checkflow.py[line:1335] Read parafile
2026-02-11 11:01:13,467 INFO 140394752341184 checkflow.py[line:1221] Total number of NE to be checked: 2192
2026-02-11 11:01:13,470 INFO 140394752341184 checkflow.py[line:1245] Number of NE satisfy MEIDList.mimVersionList: SDR: 927, ITBBU: 1265
2026-02-11 11:01:15,008 INFO 140394752341184 nrparacheck.py[line:109] Begin to check parameter
2026-02-11 11:01:15,248 INFO 140394752341184 cellinfoexport.py[line:142] Query ITRAN scene: V5.75.10, NE num: 1259
2026-02-11 11:01:39,419 INFO 140394752341184 common.py[line:241] Progress: 76.92%
2026-02-11 11:01:45,678 INFO 140394752341184 common.py[line:241] Progress: 100.00%
2026-02-11 11:01:45,679 INFO 140394752341184 cellinfoexport.py[line:142] Query ITRAN scene: V5.75.20, NE num: 6
2026-02-11 11:01:46,208 INFO 140394752341184 common.py[line:241] Progress: 100.00%
2026-02-11 11:01:48,609 INFO 140394752341184 cellinfoexport.py[line:256] Query SDR FDD scene, NE num: 867
2026-02-11 11:01:49,045 INFO 140394752341184 cellinfoexport.py[line:267] Progress: 23.07%
2026-02-11 11:01:49,438 INFO 140394752341184 cellinfoexport.py[line:267] Progress: 46.14%
2026-02-11 11:01:49,840 INFO 140394752341184 cellinfoexport.py[line:267] Progress: 69.20%
2026-02-11 11:01:50,221 INFO 140394752341184 cellinfoexport.py[line:267] Progress: 92.27%
2026-02-11 11:01:50,436 INFO 140394752341184 cellinfoexport.py[line:267] Progress: 100.00%
2026-02-11 11:01:50,596 INFO 140394752341184 cellinfoexport.py[line:279] Query SDR NB scene, NE num: 249
2026-02-11 11:01:51,047 INFO 140394752341184 common.py[line:241] Progress: 100.00%
2026-02-11 11:01:53,995 INFO 140394752341184 cellinfoexport.py[line:244] Export cell information completely
2026-02-11 11:01:54,002 INFO 140394752341184 checkflow.py[line:1386] Check parameter completely
2026-02-11 11:01:54,003 INFO 140394752341184 common.py[line:302] ************************************************************
2026-02-11 11:01:54,004 INFO 140394752341184 common.py[line:303] *                                                          *
2026-02-11 11:01:54,004 INFO 140394752341184 common.py[line:304] *            execute successfully                          *
2026-02-11 11:01:54,005 INFO 140394752341184 common.py[line:307] *                                                          *
2026-02-11 11:01:54,006 INFO 140394752341184 common.py[line:308] ************************************************************
